memory profiling: sample.interval=20000
:734226:989547:39540172:728:"dim" "as.matrix.data.frame" "as.matrix" "lm2" "eval" "eval" "withVisible" "source" 
:731399:902160:39254376:4155:"as.list" "as.matrix.data.frame" "as.matrix" "lm2" "eval" "eval" "withVisible" "source" 
:726848:806606:38802512:3569:"%*%" "solve" "lm2" "eval" "eval" "withVisible" "source" 
:724820:829523:38592932:4076:"%*%" "lm2" "eval" "eval" "withVisible" "source" 
:724920:816838:38589236:4036:"%*%" "solve" "lm2" "eval" "eval" "withVisible" "source" 
:726189:897950:38682924:4209:"parent.frame" "tryCatch" "try" "ls" "loadedNamespaces" "match" "%in%" ".requirePackage" ".classEnv" "validObject" "initialize" "standardGeneric" "initialize" "new" "lm2" "eval" "eval" "withVisible" "source" 
:732344:1100760:39272184:4865:"as.matrix.data.frame" "as.matrix" "lm2" "eval" "eval" "withVisible" "source" 
:736343:1342311:39635288:4293:"doTryCatch" "tryCatchOne" "tryCatchList" "tryCatch" "try" "validObject" "initialize" "standardGeneric" "initialize" "new" "lm2" "eval" "eval" "withVisible" "source" 
:726216:1065173:38639244:4437:"is.factor" "unique.default" "unique" "simplify2array" "sapply" "diag" "matrix" "lm2" "eval" "eval" "withVisible" "source" 
:735830:1429394:39552520:5011:"%*%" "solve" "lm2" "eval" "eval" "withVisible" "source" 
:733773:1438896:39328072:4583:"%*%" "lm2" "eval" "eval" "withVisible" "source" 
:743323:1431170:40425084:5070:"%*%" "lm2" "eval" "eval" "withVisible" "source" 
:728229:798712:38960320:1775:
:728229:798712:38960320:0:
:728229:798712:38960320:0:
:728229:798712:38960320:0:
:728229:798712:38960320:0:
:728229:798712:38960320:0:
:728229:798712:38960320:0:
:728229:798712:38960320:0:
:728229:798712:38960320:0:
:728229:798712:38960320:0:
:728229:798712:38960320:0:
:728229:798712:38960320:0:
:728229:798712:38960320:0:
:728229:798712:38960320:0:
:728229:798712:38960320:0:
:728229:798712:38960320:0:
:728229:798712:38960320:0:
:728229:798712:38960320:0:
:728229:798712:38960320:0:
:728229:798712:38960320:0:
:728229:798712:38960320:0:
:728229:798712:38960320:0:
:728229:798712:38960320:0:
:728229:798712:38960320:0:
:728229:798712:38960320:0:
:728229:798712:38960320:0:
:728229:798712:38960320:0:
:728229:798712:38960320:0:
:728229:798712:38960320:0:
:728229:798712:38960320:0:
:728229:798712:38960320:0:
:728229:798712:38960320:0:
:728229:798712:38960320:0:
:728229:798712:38960320:0:
:728229:798712:38960320:0:
:728229:798712:38960320:0:
:728229:798712:38960320:0:
:728229:798712:38960320:0:
:728229:798712:38960320:0:
:728229:798712:38960320:0:
:728229:798712:38960320:0:
:728229:798712:38960320:0:
:728229:798712:38960320:0:
:728229:798712:38960320:0:
:728229:798712:38960320:0:
:728229:798712:38960320:0:
:728229:798712:38960320:0:
:728229:798712:38960320:0:
:728229:798712:38960320:0:
:728229:798712:38960320:0:
:728229:798712:38960320:0:
:728229:798712:38960320:0:
:728229:798712:38960320:0:
:728229:798712:38960320:0:
:728229:798712:38960320:0:
:728229:798712:38960320:0:
:728229:798712:38960320:0:
:728229:798712:38960320:0:
:728229:798712:38960320:0:
:728229:798712:38960320:0:
:728229:798712:38960320:0:
:728229:798712:38960320:0:
:728229:798712:38960320:0:
:728229:798712:38960320:0:
:728229:798712:38960320:0:
:728229:798712:38960320:0:
:728229:798712:38960320:0:
:728229:798712:38960320:0:
:728229:798712:38960320:0:
:728229:798712:38960320:0:
:728229:798712:38960320:0:
:728229:798712:38960320:0:
:728229:798712:38960320:0:
:728229:798712:38960320:0:
:728229:798712:38960320:0:
:728229:798712:38960320:0:
:728229:798712:38960320:0:
:728229:798712:38960320:0:
